<?xml version="1.0" encoding="UTF-8" ?>
<testsuite errors="0" failures="0" hostname="Wayne-HP" name="org.ga4gh.cts.api.reads.ReadGroupSetsSearchIT" skipped="3" tests="3" time="0.006" timestamp="2015-07-20T00:18:46">
  <properties>
    <property name="java.vendor" value="Oracle Corporation" />
    <property name="sun.java.launcher" value="SUN_STANDARD" />
    <property name="catalina.base" value="C:\Users\Wayne Stidolph\AppData\Local\Temp\tomcat.5781338689587835451.8080" />
    <property name="sun.management.compiler" value="HotSpot 64-Bit Tiered Compilers" />
    <property name="catalina.useNaming" value="false" />
    <property name="os.name" value="Windows 8.1" />
    <property name="sun.boot.class.path" value="C:\Program Files\Java\jdk1.8.0_45\jre\lib\resources.jar;C:\Program Files\Java\jdk1.8.0_45\jre\lib\rt.jar;C:\Program Files\Java\jdk1.8.0_45\jre\lib\sunrsasign.jar;C:\Program Files\Java\jdk1.8.0_45\jre\lib\jsse.jar;C:\Program Files\Java\jdk1.8.0_45\jre\lib\jce.jar;C:\Program Files\Java\jdk1.8.0_45\jre\lib\charsets.jar;C:\Program Files\Java\jdk1.8.0_45\jre\lib\jfr.jar;C:\Program Files\Java\jdk1.8.0_45\jre\classes" />
    <property name="sun.desktop" value="windows" />
    <property name="java.vm.specification.vendor" value="Oracle Corporation" />
    <property name="java.runtime.version" value="1.8.0_45-b15" />
    <property name="user.name" value="Wayne Stidolph" />
    <property name="idea.launcher.bin.path" value="C:\Program Files (x86)\JetBrains\IntelliJ IDEA 142.3230.1\bin" />
    <property name="user.language" value="en" />
    <property name="sun.boot.library.path" value="C:\Program Files\Java\jdk1.8.0_45\jre\bin" />
    <property name="ant.project.default-target" value="reports" />
    <property name="PID" value="9772" />
    <property name="java.version" value="1.8.0_45" />
    <property name="user.timezone" value="America/Los_Angeles" />
    <property name="ctk.matchstr" value="**/*IT.class,**/IT*.class" />
    <property name="sun.arch.data.model" value="64" />
    <property name="java.endorsed.dirs" value="C:\Program Files\Java\jdk1.8.0_45\jre\lib\endorsed" />
    <property name="sun.cpu.isalist" value="amd64" />
    <property name="sun.jnu.encoding" value="Cp1252" />
    <property name="file.encoding.pkg" value="sun.io" />
    <property name="file.separator" value="\" />
    <property name="java.specification.name" value="Java Platform API Specification" />
    <property name="java.class.version" value="52.0" />
    <property name="user.country" value="US" />
    <property name="java.home" value="C:\Program Files\Java\jdk1.8.0_45\jre" />
    <property name="java.vm.info" value="mixed mode" />
    <property name="ant.file" value="antRunTests.xml" />
    <property name="os.version" value="6.3" />
    <property name="path.separator" value=";" />
    <property name="java.vm.version" value="25.45-b02" />
    <property name="user.variant" value="" />
    <property name="java.awt.printerjob" value="sun.awt.windows.WPrinterJob" />
    <property name="sun.io.unicode.encoding" value="UnicodeLittle" />
    <property name="awt.toolkit" value="sun.awt.windows.WToolkit" />
    <property name="user.script" value="" />
    <property name="user.home" value="C:\Users\Wayne Stidolph" />
    <property name="java.specification.vendor" value="Oracle Corporation" />
    <property name="java.library.path" value="C:\Program Files\Java\jdk1.8.0_45\bin;C:\Windows\Sun\Java\bin;C:\Windows\system32;C:\Windows;C:\Windows\SYSTEM32;C:\Windows;C:\ProgramData\Oracle\Java\javapath;C:\PROGRAM FILES (X86)\GIT\CMD;C:\PROGRAM FILES (X86)\GIT\BIN;F:\UTILS;C:\PROGRAM FILES\COMMON FILES\MICROSOFT SHARED\WINDOWS LIVE;C:\PROGRAM FILES (X86)\COMMON FILES\MICROSOFT SHARED\WINDOWS LIVE;f:\groovy-2.4.3\bin;C:\Go\bin;C:\PROGRAM FILES (X86)\SCALA\BIN;C:\Windows\SYSTEM32\WBEM;C:\Windows\SYSTEM32\WINDOWSPOWERSHELL\V1.0\;C:\PROGRAM FILES\INTEL\INTEL(R) MANAGEMENT ENGINE COMPONENTS\DAL;C:\PROGRAM FILES\INTEL\INTEL(R) MANAGEMENT ENGINE COMPONENTS\IPT;C:\PROGRAM FILES (X86)\INTEL\INTEL(R) MANAGEMENT ENGINE COMPONENTS\DAL;C:\PROGRAM FILES (X86)\INTEL\INTEL(R) MANAGEMENT ENGINE COMPONENTS\IPT;C:\PROGRAM FILES (X86)\WINDOWS LIVE\SHARED;C:\PROGRAM FILES (X86)\GTK2-RUNTIME\BIN;F:\WINDOWS KITS\8.0\WINDOWS PERFORMANCE TOOLKIT\;C:\PROGRAM FILES\MICROSOFT\WEB PLATFORM INSTALLER\;C:\PROGRAM FILES (X86)\MICROSOFT ASP.NET\ASP.NET WEB PAGES\V1.0\;C:\PROGRAM FILES\MICROSOFT SQL SERVER\110\TOOLS\BINN\;C:\PROGRAM FILES (X86)\GOOGLE\GOOGLE APPS SYNC\;C:\PROGRAM FILES (X86)\GOOGLE\GOOGLE APPS MIGRATION\;C:\PROGRAM FILES (X86)\INTEL\OPENCL SDK\3.0\BIN\X86;C:\PROGRAM FILES (X86)\INTEL\OPENCL SDK\3.0\BIN\X64;F:\TORTOISESVN\BIN;C:\Program Files\Google\Cloud SDK\google-cloud-sdk\bin;C:\Program Files (x86)\Common Files\Seagate\SnapAPI\;C:\Program Files (x86)\BaseX\bin;C:\Program Files (x86)\Heroku\bin;C:\Program Files\MongoDB 2.6 Standard\bin;C:\PROGRAM FILES\MICROSOFT SQL SERVER\100\TOOLS\BINN\;C:\PROGRAM FILES (X86)\MICROSOFT SQL SERVER\100\TOOLS\BINN\;C:\PROGRAM FILES\MICROSOFT SQL SERVER\100\DTS\BINN\;C:\PROGRAM FILES (X86)\INTEL\OPENCL SDK\2.0\BIN\X64;C:\PROGRAM FILES (X86)\INTEL\OPENCL SDK\2.0\BIN\X86;C:\Program Files\TortoiseGit\bin;C:\PROGRAM FILES\INTEL\ICLS CLIENT\;C:\PROGRAM FILES (X86)\INTEL\ICLS CLIENT\;C:\Python27\;C:\PYTHON27\LIB\SITE-PACKAGES\PYQT4;F:\IMAGEMAGICK-6.8.5-Q16;C:\Program Files\nodejs;C:\Program Files\WIDCOMM\Bluetooth Software\;C:\Program Files\WIDCOMM\Bluetooth Software\syswow64;C:\HashiCorp\Vagrant\bin;C:\Program Files (x86)\Skype\Phone\;C:\Program Files\iojs\;C:\Program Files (x86)\NVIDIA Corporation\PhysX\Common;C:\ProgramData\chocolatey\bin;F:\QuickTime\QTSystem\;C:\Users\Wayne Stidolph\Anaconda;C:\Users\Wayne Stidolph\Anaconda\Scripts;c:\Program files\mongodb\server\3.0\bin;C:\Gradle\gradle-2.5-rc-1\bin;f:\springboot\spring-1.3.0.BUILD-SNAPSHOT\bin;f:\redis\redis-2.8.19;f:\dart\dart-sdk\bin;f:\Ruby200-x64\bin;C:\Python27;C:\Python27\Scripts;F:\R\R-2.15.1\library\rJava\libs\i386;F:\R\R-2.15.1\library\rJava\jri\i386;C:\sysinternals;C:\Program Files\Java\jdk1.8.0_45\bin;F:\apache-maven-3.3.3\bin;C:\Grails\grails-3.0.1\bin;C:\Users\Wayne Stidolph\AppData\Roaming\npm;C:\Users\Wayne Stidolph\AppData\Local\.meteor\;C:\Users\Wayne Stidolph\AppData\Local\Code\bin;C:\Users\Wayne Stidolph\AppData\Local\atom\bin;C:\Program Files\Boot2Docker for Windows\;;C:\Program Files\Boot2Docker for Windows;." />
    <property name="java.vendor.url" value="http://java.oracle.com/" />
    <property name="java.vm.vendor" value="Oracle Corporation" />
    <property name="java.runtime.name" value="Java(TM) SE Runtime Environment" />
    <property name="sun.java.command" value="com.intellij.rt.execution.application.AppMain org.ga4gh.ctk.server.CtkServerApplication --spring.output.ansi.enabled=always" />
    <property name="java.class.path" value="C:\Program Files\Java\jdk1.8.0_45\jre\lib\charsets.jar;C:\Program Files\Java\jdk1.8.0_45\jre\lib\deploy.jar;C:\Program Files\Java\jdk1.8.0_45\jre\lib\javaws.jar;C:\Program Files\Java\jdk1.8.0_45\jre\lib\jce.jar;C:\Program Files\Java\jdk1.8.0_45\jre\lib\jfr.jar;C:\Program Files\Java\jdk1.8.0_45\jre\lib\jfxswt.jar;C:\Program Files\Java\jdk1.8.0_45\jre\lib\jsse.jar;C:\Program Files\Java\jdk1.8.0_45\jre\lib\management-agent.jar;C:\Program Files\Java\jdk1.8.0_45\jre\lib\plugin.jar;C:\Program Files\Java\jdk1.8.0_45\jre\lib\resources.jar;C:\Program Files\Java\jdk1.8.0_45\jre\lib\rt.jar;C:\Program Files\Java\jdk1.8.0_45\jre\lib\ext\access-bridge-64.jar;C:\Program Files\Java\jdk1.8.0_45\jre\lib\ext\cldrdata.jar;C:\Program Files\Java\jdk1.8.0_45\jre\lib\ext\dnsns.jar;C:\Program Files\Java\jdk1.8.0_45\jre\lib\ext\jaccess.jar;C:\Program Files\Java\jdk1.8.0_45\jre\lib\ext\jfxrt.jar;C:\Program Files\Java\jdk1.8.0_45\jre\lib\ext\localedata.jar;C:\Program Files\Java\jdk1.8.0_45\jre\lib\ext\nashorn.jar;C:\Program Files\Java\jdk1.8.0_45\jre\lib\ext\sunec.jar;C:\Program Files\Java\jdk1.8.0_45\jre\lib\ext\sunjce_provider.jar;C:\Program Files\Java\jdk1.8.0_45\jre\lib\ext\sunmscapi.jar;C:\Program Files\Java\jdk1.8.0_45\jre\lib\ext\sunpkcs11.jar;C:\Program Files\Java\jdk1.8.0_45\jre\lib\ext\zipfs.jar;G:\Projects\ga4gh\ctk-core\ctk-server\target\classes;C:\Users\Wayne Stidolph\.m2\repository\org\springframework\cloud\spring-cloud-starter-config\1.1.0.BUILD-SNAPSHOT\spring-cloud-starter-config-1.1.0.BUILD-20150718.090254-7.jar;C:\Users\Wayne Stidolph\.m2\repository\org\springframework\cloud\spring-cloud-starter\1.1.0.BUILD-SNAPSHOT\spring-cloud-starter-1.1.0.BUILD-20150715.153759-9.jar;C:\Users\Wayne Stidolph\.m2\repository\org\springframework\boot\spring-boot-starter\1.3.0.M2\spring-boot-starter-1.3.0.M2.jar;C:\Users\Wayne Stidolph\.m2\repository\org\springframework\boot\spring-boot\1.3.0.M2\spring-boot-1.3.0.M2.jar;C:\Users\Wayne Stidolph\.m2\repository\org\springframework\spring-core\4.2.0.RC2\spring-core-4.2.0.RC2.jar;C:\Users\Wayne Stidolph\.m2\repository\org\springframework\spring-context\4.2.0.BUILD-SNAPSHOT\spring-context-4.2.0.BUILD-20150719.173150-574.jar;C:\Users\Wayne Stidolph\.m2\repository\org\springframework\spring-aop\4.2.0.BUILD-SNAPSHOT\spring-aop-4.2.0.BUILD-20150719.173150-574.jar;C:\Users\Wayne Stidolph\.m2\repository\aopalliance\aopalliance\1.0\aopalliance-1.0.jar;C:\Users\Wayne Stidolph\.m2\repository\org\springframework\spring-beans\4.2.0.BUILD-SNAPSHOT\spring-beans-4.2.0.BUILD-20150719.173150-574.jar;C:\Users\Wayne Stidolph\.m2\repository\org\springframework\spring-expression\4.2.0.BUILD-SNAPSHOT\spring-expression-4.2.0.BUILD-20150719.173150-574.jar;C:\Users\Wayne Stidolph\.m2\repository\org\springframework\boot\spring-boot-autoconfigure\1.3.0.M2\spring-boot-autoconfigure-1.3.0.M2.jar;C:\Users\Wayne Stidolph\.m2\repository\org\yaml\snakeyaml\1.15\snakeyaml-1.15.jar;C:\Users\Wayne Stidolph\.m2\repository\org\slf4j\slf4j-api\1.7.12\slf4j-api-1.7.12.jar;C:\Users\Wayne Stidolph\.m2\repository\org\slf4j\jcl-over-slf4j\1.7.12\jcl-over-slf4j-1.7.12.jar;C:\Users\Wayne Stidolph\.m2\repository\org\slf4j\jul-to-slf4j\1.7.12\jul-to-slf4j-1.7.12.jar;C:\Users\Wayne Stidolph\.m2\repository\org\slf4j\log4j-over-slf4j\1.7.12\log4j-over-slf4j-1.7.12.jar;C:\Users\Wayne Stidolph\.m2\repository\org\springframework\cloud\spring-cloud-context\1.1.0.BUILD-SNAPSHOT\spring-cloud-context-1.1.0.BUILD-20150715.153736-10.jar;C:\Users\Wayne Stidolph\.m2\repository\org\springframework\security\spring-security-crypto\4.0.1.RELEASE\spring-security-crypto-4.0.1.RELEASE.jar;C:\Users\Wayne Stidolph\.m2\repository\org\springframework\cloud\spring-cloud-commons\1.1.0.BUILD-SNAPSHOT\spring-cloud-commons-1.1.0.BUILD-20150715.153754-9.jar;C:\Users\Wayne Stidolph\.m2\repository\org\springframework\cloud\spring-cloud-config-client\1.1.0.BUILD-SNAPSHOT\spring-cloud-config-client-1.1.0.BUILD-20150718.090141-7.jar;C:\Users\Wayne Stidolph\.m2\repository\org\springframework\spring-web\4.2.0.BUILD-SNAPSHOT\spring-web-4.2.0.BUILD-20150719.173150-574.jar;C:\Users\Wayne Stidolph\.m2\repository\com\fasterxml\jackson\core\jackson-annotations\2.5.4\jackson-annotations-2.5.4.jar;C:\Users\Wayne Stidolph\.m2\repository\com\fasterxml\jackson\core\jackson-databind\2.5.4\jackson-databind-2.5.4.jar;C:\Users\Wayne Stidolph\.m2\repository\com\fasterxml\jackson\core\jackson-core\2.5.4\jackson-core-2.5.4.jar;C:\Users\Wayne Stidolph\.m2\repository\org\springframework\cloud\spring-cloud-config-server\1.1.0.BUILD-SNAPSHOT\spring-cloud-config-server-1.1.0.BUILD-20150718.090228-7.jar;C:\Users\Wayne Stidolph\.m2\repository\org\springframework\boot\spring-boot-starter-actuator\1.3.0.M2\spring-boot-starter-actuator-1.3.0.M2.jar;C:\Users\Wayne Stidolph\.m2\repository\org\springframework\boot\spring-boot-actuator\1.3.0.M2\spring-boot-actuator-1.3.0.M2.jar;C:\Users\Wayne Stidolph\.m2\repository\org\springframework\boot\spring-boot-starter-web\1.3.0.M2\spring-boot-starter-web-1.3.0.M2.jar;C:\Users\Wayne Stidolph\.m2\repository\org\springframework\boot\spring-boot-starter-tomcat\1.3.0.M2\spring-boot-starter-tomcat-1.3.0.M2.jar;C:\Users\Wayne Stidolph\.m2\repository\org\apache\tomcat\embed\tomcat-embed-core\8.0.23\tomcat-embed-core-8.0.23.jar;C:\Users\Wayne Stidolph\.m2\repository\org\apache\tomcat\embed\tomcat-embed-el\8.0.23\tomcat-embed-el-8.0.23.jar;C:\Users\Wayne Stidolph\.m2\repository\org\apache\tomcat\embed\tomcat-embed-logging-juli\8.0.23\tomcat-embed-logging-juli-8.0.23.jar;C:\Users\Wayne Stidolph\.m2\repository\org\apache\tomcat\embed\tomcat-embed-websocket\8.0.23\tomcat-embed-websocket-8.0.23.jar;C:\Users\Wayne Stidolph\.m2\repository\org\springframework\boot\spring-boot-starter-validation\1.3.0.M2\spring-boot-starter-validation-1.3.0.M2.jar;C:\Users\Wayne Stidolph\.m2\repository\org\hibernate\hibernate-validator\5.1.3.Final\hibernate-validator-5.1.3.Final.jar;C:\Users\Wayne Stidolph\.m2\repository\javax\validation\validation-api\1.1.0.Final\validation-api-1.1.0.Final.jar;C:\Users\Wayne Stidolph\.m2\repository\org\jboss\logging\jboss-logging\3.1.3.GA\jboss-logging-3.1.3.GA.jar;C:\Users\Wayne Stidolph\.m2\repository\com\fasterxml\classmate\1.0.0\classmate-1.0.0.jar;C:\Users\Wayne Stidolph\.m2\repository\org\springframework\spring-webmvc\4.2.0.BUILD-SNAPSHOT\spring-webmvc-4.2.0.BUILD-20150719.173150-574.jar;C:\Users\Wayne Stidolph\.m2\repository\org\springframework\security\spring-security-rsa\1.0.1.RELEASE\spring-security-rsa-1.0.1.RELEASE.jar;C:\Users\Wayne Stidolph\.m2\repository\org\bouncycastle\bcpkix-jdk15on\1.47\bcpkix-jdk15on-1.47.jar;C:\Users\Wayne Stidolph\.m2\repository\org\bouncycastle\bcprov-jdk15on\1.47\bcprov-jdk15on-1.47.jar;C:\Users\Wayne Stidolph\.m2\repository\org\eclipse\jgit\org.eclipse.jgit\3.5.3.201412180710-r\org.eclipse.jgit-3.5.3.201412180710-r.jar;C:\Users\Wayne Stidolph\.m2\repository\com\jcraft\jsch\0.1.50\jsch-0.1.50.jar;C:\Users\Wayne Stidolph\.m2\repository\com\googlecode\javaewah\JavaEWAH\0.7.9\JavaEWAH-0.7.9.jar;C:\Users\Wayne Stidolph\.m2\repository\org\apache\httpcomponents\httpclient\4.4.1\httpclient-4.4.1.jar;C:\Users\Wayne Stidolph\.m2\repository\org\apache\httpcomponents\httpcore\4.4.1\httpcore-4.4.1.jar;C:\Users\Wayne Stidolph\.m2\repository\commons-codec\commons-codec\1.9\commons-codec-1.9.jar;C:\Users\Wayne Stidolph\.m2\repository\org\springframework\boot\spring-boot-starter-log4j2\1.3.0.M2\spring-boot-starter-log4j2-1.3.0.M2.jar;C:\Users\Wayne Stidolph\.m2\repository\org\apache\logging\log4j\log4j-slf4j-impl\2.3\log4j-slf4j-impl-2.3.jar;C:\Users\Wayne Stidolph\.m2\repository\org\apache\logging\log4j\log4j-api\2.3\log4j-api-2.3.jar;C:\Users\Wayne Stidolph\.m2\repository\org\apache\logging\log4j\log4j-core\2.3\log4j-core-2.3.jar;C:\Users\Wayne Stidolph\.m2\repository\junit\junit\4.12\junit-4.12.jar;C:\Users\Wayne Stidolph\.m2\repository\org\hamcrest\hamcrest-core\1.3\hamcrest-core-1.3.jar;C:\Users\Wayne Stidolph\.m2\repository\org\mockito\mockito-core\1.10.19\mockito-core-1.10.19.jar;C:\Users\Wayne Stidolph\.m2\repository\org\objenesis\objenesis\2.1\objenesis-2.1.jar;C:\Users\Wayne Stidolph\.m2\repository\org\hamcrest\hamcrest-library\1.3\hamcrest-library-1.3.jar;G:\Projects\ga4gh\ctk-core\ctk-testrunner\target\classes;C:\Users\Wayne Stidolph\.m2\repository\org\apache\ant\ant-junit\1.9.5\ant-junit-1.9.5.jar;C:\Users\Wayne Stidolph\.m2\repository\org\apache\ant\ant\1.9.5\ant-1.9.5.jar;C:\Users\Wayne Stidolph\.m2\repository\org\apache\ant\ant-launcher\1.9.5\ant-launcher-1.9.5.jar;C:\Users\Wayne Stidolph\.m2\repository\org\apache\ant\ant-junit4\1.9.5\ant-junit4-1.9.5.jar;C:\Users\Wayne Stidolph\.m2\repository\org\apache\ant\ant-apache-log4j\1.9.5\ant-apache-log4j-1.9.5.jar;C:\Users\Wayne Stidolph\.m2\repository\log4j\log4j\1.2.17\log4j-1.2.17.jar;C:\Users\Wayne Stidolph\.m2\repository\org\tap4j\tap4j-ext\4.1\tap4j-ext-4.1.jar;C:\Users\Wayne Stidolph\.m2\repository\org\tap4j\tap4j\4.1\tap4j-4.1.jar;C:\Users\Wayne Stidolph\.m2\repository\com\google\guava\guava\18.0\guava-18.0.jar;C:\Users\Wayne Stidolph\.m2\repository\com\google\code\gson\gson\2.3.1\gson-2.3.1.jar;C:\Users\Wayne Stidolph\.m2\repository\org\apache\bcel\bcel\6.0-SNAPSHOT\bcel-6.0-20150718.052207-120.jar;G:\Projects\ga4gh\ctk-core\ctk-transport\target\classes;C:\Users\Wayne Stidolph\.m2\repository\com\googlecode\junit-toolbox\junit-toolbox\2.1\junit-toolbox-2.1.jar;C:\Users\Wayne Stidolph\.m2\repository\commons-io\commons-io\2.4\commons-io-2.4.jar;C:\Users\Wayne Stidolph\.m2\repository\pl\pragmatists\JUnitParams\1.0.4\JUnitParams-1.0.4.jar;C:\Users\Wayne Stidolph\.m2\repository\org\skyscreamer\jsonassert\1.2.3\jsonassert-1.2.3.jar;C:\Users\Wayne Stidolph\.m2\repository\org\json\json\20140107\json-20140107.jar;C:\Users\Wayne Stidolph\.m2\repository\org\apache\httpcomponents\httpasyncclient\4.1\httpasyncclient-4.1.jar;C:\Users\Wayne Stidolph\.m2\repository\org\apache\httpcomponents\httpcore-nio\4.4.1\httpcore-nio-4.4.1.jar;C:\Users\Wayne Stidolph\.m2\repository\org\apache\httpcomponents\httpmime\4.4.1\httpmime-4.4.1.jar;C:\Users\Wayne Stidolph\.m2\repository\com\mashape\unirest\unirest-java\1.4.6\unirest-java-1.4.6.jar;C:\Users\Wayne Stidolph\.m2\repository\com\github\fge\json-patch\1.9\json-patch-1.9.jar;C:\Users\Wayne Stidolph\.m2\repository\com\github\fge\jackson-coreutils\1.6\jackson-coreutils-1.6.jar;C:\Users\Wayne Stidolph\.m2\repository\com\github\fge\msg-simple\1.1\msg-simple-1.1.jar;C:\Users\Wayne Stidolph\.m2\repository\com\github\fge\btf\1.2\btf-1.2.jar;C:\Users\Wayne Stidolph\.m2\repository\com\google\code\findbugs\jsr305\2.0.1\jsr305-2.0.1.jar;C:\Users\Wayne Stidolph\.m2\repository\com\fasterxml\jackson\jaxrs\jackson-jaxrs-json-provider\2.5.3\jackson-jaxrs-json-provider-2.5.3.jar;C:\Users\Wayne Stidolph\.m2\repository\com\fasterxml\jackson\jaxrs\jackson-jaxrs-base\2.5.3\jackson-jaxrs-base-2.5.3.jar;C:\Users\Wayne Stidolph\.m2\repository\com\fasterxml\jackson\module\jackson-module-jaxb-annotations\2.5.3\jackson-module-jaxb-annotations-2.5.3.jar;C:\Users\Wayne Stidolph\.m2\repository\com\fasterxml\jackson\dataformat\jackson-dataformat-avro\2.5.3\jackson-dataformat-avro-2.5.3.jar;C:\Users\Wayne Stidolph\.m2\repository\org\apache\avro\avro\1.7.7\avro-1.7.7.jar;C:\Users\Wayne Stidolph\.m2\repository\org\codehaus\jackson\jackson-core-asl\1.9.13\jackson-core-asl-1.9.13.jar;C:\Users\Wayne Stidolph\.m2\repository\org\codehaus\jackson\jackson-mapper-asl\1.9.13\jackson-mapper-asl-1.9.13.jar;C:\Users\Wayne Stidolph\.m2\repository\com\thoughtworks\paranamer\paranamer\2.3\paranamer-2.3.jar;C:\Users\Wayne Stidolph\.m2\repository\org\xerial\snappy\snappy-java\1.0.5\snappy-java-1.0.5.jar;C:\Users\Wayne Stidolph\.m2\repository\org\apache\commons\commons-compress\1.4.1\commons-compress-1.4.1.jar;C:\Users\Wayne Stidolph\.m2\repository\org\tukaani\xz\1.0\xz-1.0.jar;C:\Users\Wayne Stidolph\.m2\repository\org\assertj\assertj-core\3.1.0\assertj-core-3.1.0.jar;G:\Projects\ga4gh\ctk-core\ctk-schemas\target\classes;C:\Users\Wayne Stidolph\.m2\repository\org\apache\avro\avro-ipc\1.7.7\avro-ipc-1.7.7.jar;C:\Users\Wayne Stidolph\.m2\repository\org\mortbay\jetty\jetty\6.1.26\jetty-6.1.26.jar;C:\Users\Wayne Stidolph\.m2\repository\org\mortbay\jetty\jetty-util\6.1.26\jetty-util-6.1.26.jar;C:\Users\Wayne Stidolph\.m2\repository\org\mortbay\jetty\servlet-api\2.5-20081211\servlet-api-2.5-20081211.jar;C:\Users\Wayne Stidolph\.m2\repository\io\netty\netty\3.4.0.Final\netty-3.4.0.Final.jar;C:\Users\Wayne Stidolph\.m2\repository\org\apache\velocity\velocity\1.7\velocity-1.7.jar;C:\Users\Wayne Stidolph\.m2\repository\commons-collections\commons-collections\3.2.1\commons-collections-3.2.1.jar;C:\Users\Wayne Stidolph\.m2\repository\commons-lang\commons-lang\2.4\commons-lang-2.4.jar;G:\Projects\ga4gh\ctk-core\ctk-domain\target\classes;C:\Users\Wayne Stidolph\.m2\repository\org\projectlombok\lombok\1.12.6\lombok-1.12.6.jar;C:\Program Files (x86)\JetBrains\IntelliJ IDEA 142.3230.1\lib\idea_rt.jar" />
    <property name="ant.version" value="Apache Ant(TM) version 1.9.5 compiled on May 31 2015" />
    <property name="idea.launcher.port" value="7533" />
    <property name="java.vm.specification.name" value="Java Virtual Machine Specification" />
    <property name="java.vm.specification.version" value="1.8" />
    <property name="catalina.home" value="C:\Users\Wayne Stidolph\AppData\Local\Temp\tomcat.5781338689587835451.8080" />
    <property name="sun.cpu.endian" value="little" />
    <property name="sun.os.patch.level" value="" />
    <property name="java.awt.headless" value="true" />
    <property name="java.io.tmpdir" value="C:\Users\WAYNES~1\AppData\Local\Temp\" />
    <property name="visualvm.id" value="202729649406161" />
    <property name="ctk.testjar" value="cts-java-0.5.1-SNAPSHOT-tests.jar" />
    <property name="java.vendor.url.bug" value="http://bugreport.sun.com/bugreport/" />
    <property name="os.arch" value="amd64" />
    <property name="java.awt.graphicsenv" value="sun.awt.Win32GraphicsEnvironment" />
    <property name="java.ext.dirs" value="C:\Program Files\Java\jdk1.8.0_45\jre\lib\ext;C:\Windows\Sun\Java\lib\ext" />
    <property name="user.dir" value="G:\Projects\ga4gh\ctk-core\ctk-server" />
    <property name="line.separator" value="&#xd;&#xa;" />
    <property name="java.vm.name" value="Java HotSpot(TM) 64-Bit Server VM" />
    <property name="basedir" value="G:\Projects\ga4gh\ctk-core\ctk-server" />
    <property name="ant.java.version" value="1.8" />
    <property name="ant.core.lib" value="C:\Users\Wayne Stidolph\.m2\repository\org\apache\ant\ant\1.9.5\ant-1.9.5.jar" />
    <property name="ctk.reporttitle" value="CTK Test Results of http://192.168.2.214:8000/v0.5.1/" />
    <property name="file.encoding" value="windows-1252" />
    <property name="ctk.todir" value="testresults\192.168.2.214_8000/1/" />
    <property name="java.specification.version" value="1.8" />
  </properties>
  <testcase classname="org.ga4gh.cts.api.reads.ReadGroupSetsSearchIT" name="goodReadgroupSetsNameShouldRetrieveOnlyMatchingReadGroupSets" time="0.0">
    <skipped />
  </testcase>
  <testcase classname="org.ga4gh.cts.api.reads.ReadGroupSetsSearchIT" name="badDatasetidInSearchReadGroupSetsRequestShouldReturnErrors" time="0.0">
    <skipped />
  </testcase>
  <testcase classname="org.ga4gh.cts.api.reads.ReadGroupSetsSearchIT" name="readgroupSetResponseForDumbDatasetidShouldBeEmpty" time="0.0">
    <skipped />
  </testcase>
  <system-out><![CDATA[]]></system-out>
  <system-err><![CDATA[]]></system-err>
</testsuite>
